c:\users\jimmy\desktop\comp3015\x64\debug\vc143.pdb
c:\users\jimmy\desktop\comp3015\x64\debug\vc143.idb
c:\users\jimmy\desktop\comp3015\x64\debug\scene.obj
c:\users\jimmy\desktop\comp3015\x64\debug\object.obj
c:\users\jimmy\desktop\comp3015\x64\debug\main.obj
c:\users\jimmy\desktop\comp3015\x64\debug\interface.obj
c:\users\jimmy\desktop\comp3015\x64\debug\input.obj
c:\users\jimmy\desktop\comp3015\x64\debug\player.obj
c:\users\jimmy\desktop\comp3015\x64\debug\game.obj
c:\users\jimmy\desktop\comp3015\x64\debug\application.obj
c:\users\jimmy\desktop\comp3015\x64\debug\stb.obj
c:\users\jimmy\desktop\comp3015\x64\debug\glad.obj
c:\users\jimmy\desktop\comp3015\x64\debug\comp3016 vs22.pdb
c:\users\jimmy\desktop\comp3015\x64\debug\comp3016 vs22.tlog\cl.command.1.tlog
c:\users\jimmy\desktop\comp3015\x64\debug\comp3016 vs22.tlog\cl.read.1.tlog
c:\users\jimmy\desktop\comp3015\x64\debug\comp3016 vs22.tlog\cl.write.1.tlog
c:\users\jimmy\desktop\comp3015\x64\debug\comp3016 vs22.tlog\link-cvtres.read.1.tlog
c:\users\jimmy\desktop\comp3015\x64\debug\comp3016 vs22.tlog\link-cvtres.write.1.tlog
c:\users\jimmy\desktop\comp3015\x64\debug\comp3016 vs22.tlog\link-rc.read.1.tlog
c:\users\jimmy\desktop\comp3015\x64\debug\comp3016 vs22.tlog\link-rc.write.1.tlog
c:\users\jimmy\desktop\comp3015\x64\debug\comp3016 vs22.tlog\link.command.1.tlog
c:\users\jimmy\desktop\comp3015\x64\debug\comp3016 vs22.tlog\link.read.1.tlog
c:\users\jimmy\desktop\comp3015\x64\debug\comp3016 vs22.tlog\link.read.2.tlog
c:\users\jimmy\desktop\comp3015\x64\debug\comp3016 vs22.tlog\link.write.1.tlog
